2016-07-03 14:44:16,442 [ INFO] App initializing..
2016-07-03 14:44:16,442 [ INFO] Loading global telemetry settings..
2016-07-03 14:44:16,499 [ INFO] Protocol XML Schema appears to be valid.
2016-07-03 14:44:16,556 [ INFO] Protocol XML file appears to be valid.
2016-07-03 14:44:16,796 [ INFO] Protocol loaded successfully.
2016-07-03 14:44:19,886 [ INFO] Acquisition start
2016-07-03 14:44:32,845 [ERROR] Recu Trame 200007c0 existe pas dans XML
2016-07-03 14:44:36,601 [ERROR] Recu Trame 0000030d existe pas dans XML
2016-07-03 14:44:44,561 [ERROR] Recu Trame 0000030d existe pas dans XML
2016-07-03 14:44:45,653 [ERROR] Recu Trame 0000030d existe pas dans XML
2016-07-03 14:44:46,639 [ERROR] Recu Trame 0000030d existe pas dans XML
2016-07-03 14:44:47,587 [ERROR] Recu Trame 0000030d existe pas dans XML
2016-07-03 14:44:48,592 [ERROR] Recu Trame 0000030d existe pas dans XML
2016-07-03 14:44:49,532 [ERROR] Recu Trame 0000030d existe pas dans XML
2016-07-03 14:44:49,612 [ERROR] Recu Trame 0000030d existe pas dans XML
2016-07-03 14:44:55,594 [ERROR] Recu Trame 0000030d existe pas dans XML
2016-07-03 14:45:11,639 [ERROR] Recu Trame 0000030d existe pas dans XML
2016-07-03 14:45:26,637 [ERROR] Recu Trame 0000030d existe pas dans XML
2016-07-03 14:45:34,576 [ERROR] Recu Trame 0000030d existe pas dans XML
2016-07-03 14:45:36,639 [ERROR] Recu Trame 0000030d existe pas dans XML
2016-07-03 14:45:39,531 [ERROR] Recu Trame 0000030d existe pas dans XML
2016-07-03 14:45:39,600 [ERROR] Recu Trame 0000030d existe pas dans XML
2016-07-03 14:45:40,527 [ERROR] Recu Trame 0000030d existe pas dans XML
2016-07-03 14:45:40,606 [ERROR] Recu Trame 0000030d existe pas dans XML
2016-07-03 14:45:52,660 [ERROR] Recu Trame 0000030d existe pas dans XML
2016-07-03 14:47:59,391 [ERROR] Recu Trame 20000784 existe pas dans XML
2016-07-03 14:48:02,172 [ERROR] Recu Trame 20000781 existe pas dans XML
2016-07-03 14:48:33,659 [ERROR] Recu Trame 0000030d existe pas dans XML
2016-07-03 14:48:42,758 [ERROR] Recu Trame 00000000 existe pas dans XML
2016-07-03 14:49:46,154 [ERROR] Recu Trame 00000000 existe pas dans XML
2016-07-03 14:49:48,318 [ERROR] Recu Trame 20000782 existe pas dans XML
2016-07-03 14:50:50,786 [ERROR] Recu Trame 20020500 existe pas dans XML
2016-07-03 14:50:58,650 [ERROR] Recu Trame 0000030d existe pas dans XML
2016-07-03 14:51:34,658 [ERROR] Recu Trame 0000030d existe pas dans XML
2016-07-03 14:52:15,009 [ERROR] Recu Trame 20020501 existe pas dans XML
2016-07-03 14:53:04,109 [ERROR] Recu Trame aea40501 existe pas dans XML
2016-07-03 14:53:39,631 [ERROR] Recu Trame 0000030d existe pas dans XML
2016-07-03 14:54:22,554 [ERROR] Recu Trame 0000030d existe pas dans XML
2016-07-03 14:54:34,621 [ERROR] Recu Trame 0000030d existe pas dans XML
2016-07-03 14:54:40,602 [ERROR] Recu Trame 0000030d existe pas dans XML
2016-07-03 14:55:13,579 [ERROR] Recu Trame 0000030d existe pas dans XML
2016-07-03 14:55:15,109 [ERROR] Recu Trame 00000000 existe pas dans XML
2016-07-03 14:56:18,365 [ERROR] Recu Trame 0000030d existe pas dans XML
2016-07-03 14:56:19,682 [ERROR] Recu Trame 0000030d existe pas dans XML
2016-07-03 14:56:19,756 [ERROR] Recu Trame 0000030d existe pas dans XML
2016-07-03 14:57:38,510 [ERROR] Recu Trame 0000030d existe pas dans XML
2016-07-03 14:57:43,212 [ERROR] Recu Trame 0000030d existe pas dans XML
2016-07-03 15:00:01,623 [ERROR] Recu Trame 0000030d existe pas dans XML
2016-07-03 15:00:44,011 [ERROR] Recu Trame 0000030d existe pas dans XML
2016-07-03 15:01:09,030 [ERROR] Recu Trame 0000030d existe pas dans XML
2016-07-03 15:01:11,890 [ERROR] Recu Trame 0000030d existe pas dans XML
2016-07-03 15:01:11,966 [ERROR] Recu Trame 0000030d existe pas dans XML
2016-07-03 15:01:25,862 [ERROR] Recu Trame 0000030d existe pas dans XML
2016-07-03 15:01:51,876 [ERROR] Recu Trame 0000030d existe pas dans XML
2016-07-03 15:01:52,709 [ERROR] Recu Trame 0000030d existe pas dans XML
2016-07-03 15:01:59,487 [ERROR] Recu Trame 0000030d existe pas dans XML
2016-07-03 15:02:00,507 [ERROR] Recu Trame 0000030d existe pas dans XML
2016-07-03 15:02:02,508 [ERROR] Recu Trame 0000030d existe pas dans XML
2016-07-03 15:02:06,478 [ERROR] Recu Trame 0000030d existe pas dans XML
2016-07-03 15:03:32,497 [ERROR] Recu Trame 0000030d existe pas dans XML
2016-07-03 15:03:39,708 [ERROR] Recu Trame 0000030d existe pas dans XML
2016-07-03 15:03:44,513 [ERROR] Recu Trame 0000030d existe pas dans XML
2016-07-03 15:03:46,454 [ERROR] Recu Trame 0000030d existe pas dans XML
2016-07-03 15:04:08,612 [ERROR] Recu Trame 0000030d existe pas dans XML
2016-07-03 15:04:33,470 [ERROR] Recu Trame 0000030d existe pas dans XML
2016-07-03 15:04:34,605 [ERROR] Recu Trame 0000030d existe pas dans XML
2016-07-03 15:04:37,486 [ERROR] Recu Trame 0000030d existe pas dans XML
2016-07-03 15:04:39,486 [ERROR] Recu Trame 0000030d existe pas dans XML
2016-07-03 15:04:40,457 [ERROR] Recu Trame 0000030d existe pas dans XML
2016-07-03 15:04:41,463 [ERROR] Recu Trame 0000030d existe pas dans XML
2016-07-03 15:04:55,468 [ERROR] Recu Trame 0000030d existe pas dans XML
2016-07-03 15:04:56,501 [ERROR] Recu Trame 0000030d existe pas dans XML
2016-07-03 15:04:58,573 [ERROR] Recu Trame 0000030d existe pas dans XML
2016-07-03 15:05:08,465 [ERROR] Recu Trame 0000030d existe pas dans XML
2016-07-03 15:05:11,535 [ERROR] Recu Trame 0000030d existe pas dans XML
2016-07-03 15:05:12,430 [ERROR] Recu Trame 0000030d existe pas dans XML
2016-07-03 15:05:15,535 [ERROR] Recu Trame 0000030d existe pas dans XML
2016-07-03 15:20:58,333 [ERROR] Recu Trame 0000030d existe pas dans XML
2016-07-03 15:24:01,555 [ERROR] Recu Trame 0000030d existe pas dans XML
2016-07-03 15:24:15,549 [ERROR] Recu Trame 0000030d existe pas dans XML
2016-07-03 15:24:36,547 [ERROR] Recu Trame 0000030d existe pas dans XML
2016-07-03 15:24:44,529 [ERROR] Recu Trame 0000030d existe pas dans XML
2016-07-03 15:24:48,521 [ERROR] Recu Trame 0000030d existe pas dans XML
2016-07-03 15:25:00,540 [ERROR] Recu Trame 0000030d existe pas dans XML
2016-07-03 15:25:03,556 [ERROR] Recu Trame 0000030d existe pas dans XML
2016-07-03 15:25:04,706 [ERROR] Recu Trame 0000030d existe pas dans XML
2016-07-03 15:25:11,524 [ERROR] Recu Trame 0000030d existe pas dans XML
2016-07-03 15:25:13,706 [ERROR] Recu Trame 0000030d existe pas dans XML
2016-07-03 15:27:04,150 [ INFO] X pressed, Quitting
